[2026-07-07 00:15:00] === Starting pipeline for book: vibe-programming ===
[2026-07-07 00:15:00] PDF Path: /sdcard/Download/Ван Вэньцзе - Вайб-программирование - 2026.pdf
[2026-07-07 00:15:00] Output Directory: /data/data/com.termux/files/home/kindle-butch-gen/books/vibe-programming/output
[2026-07-07 00:15:00] Starting marker batch 10-11...
[2026-07-07 00:16:33] Batch 10-11 completed successfully.
[2026-07-07 00:16:33] Translating batch 10-11 to uk...
[2026-07-07 00:16:33] Running translation command: python3 /data/data/com.termux/files/home/kindle-butch-gen/translate_stage.py --input /data/data/com.termux/files/home/kindle-butch-gen/books/vibe-programming/batches/batch_10_11/Ван Вэньцзе - Вайб-программирование - 2026/Ван Вэньцзе - Вайб-программирование - 2026.md --output /data/data/com.termux/files/home/kindle-butch-gen/books/vibe-programming/batches/batch_10_11/Ван Вэньцзе - Вайб-программирование - 2026/Ван Вэньцзе - Вайб-программирование - 2026_translated_uk.md --cache /data/data/com.termux/files/home/kindle-butch-gen/books/vibe-programming/cache/translate_cache.json --target-lang uk --book vibe-programming
[2026-07-07 00:18:29] Merging batch results...
[2026-07-07 00:18:29] Merged markdown saved to: /data/data/com.termux/files/home/kindle-butch-gen/books/vibe-programming/translated/merged_translated_uk.md
[2026-07-07 00:18:29] Converting merged markdown to EPUB: /data/data/com.termux/files/home/kindle-butch-gen/books/vibe-programming/output/vibe-programming_translated_uk.epub...
[2026-07-07 00:18:32] Validating EPUB at /data/data/com.termux/files/home/kindle-butch-gen/books/vibe-programming/output/vibe-programming_translated_uk.epub...
[2026-07-07 00:18:32] EPUB validation completed successfully!
[2026-07-07 00:18:32] EPUB generated and validated successfully.
[2026-07-07 00:18:32] Converting merged markdown to AZW3: /data/data/com.termux/files/home/kindle-butch-gen/books/vibe-programming/output/vibe-programming_translated_uk.azw3...
[2026-07-07 00:18:35] AZW3 generated successfully.
[2026-07-07 00:18:35] Copied EPUB/AZW3 files to /sdcard/Download.
[2026-07-07 00:18:35] Triggering audio stage synthesis...
[2026-07-07 00:19:38] Copied MP3 audiobook file to /sdcard/Download.
[2026-07-07 00:19:38] === Pipeline run fully completed successfully! ===
[2026-07-07 00:21:21] === Starting pipeline for book: vibe-programming ===
[2026-07-07 00:21:21] PDF Path: /sdcard/Download/Ван Вэньцзе - Вайб-программирование - 2026.pdf
[2026-07-07 00:21:21] Output Directory: /data/data/com.termux/files/home/kindle-butch-gen/books/vibe-programming/output
[2026-07-07 00:21:21] Cleaning batches directory: /data/data/com.termux/files/home/kindle-butch-gen/books/vibe-programming/batches
[2026-07-07 00:21:21] Starting marker batch 10-11...
[2026-07-07 00:22:54] Batch 10-11 completed successfully.
[2026-07-07 00:22:54] Translating batch 10-11 to uk...
[2026-07-07 00:22:54] Running translation command: python3 /data/data/com.termux/files/home/kindle-butch-gen/translate_stage.py --input /data/data/com.termux/files/home/kindle-butch-gen/books/vibe-programming/batches/batch_10_11/Ван Вэньцзе - Вайб-программирование - 2026/Ван Вэньцзе - Вайб-программирование - 2026.md --output /data/data/com.termux/files/home/kindle-butch-gen/books/vibe-programming/batches/batch_10_11/Ван Вэньцзе - Вайб-программирование - 2026/Ван Вэньцзе - Вайб-программирование - 2026_translated_uk.md --cache /data/data/com.termux/files/home/kindle-butch-gen/books/vibe-programming/cache/translate_cache.json --target-lang uk --book vibe-programming
[2026-07-07 00:22:54] Merging batch results...
[2026-07-07 00:22:54] Merged markdown saved to: /data/data/com.termux/files/home/kindle-butch-gen/books/vibe-programming/translated/merged_translated_uk.md
[2026-07-07 00:22:54] Converting merged markdown to EPUB: /data/data/com.termux/files/home/kindle-butch-gen/books/vibe-programming/output/vibe-programming_translated_uk.epub...
[2026-07-07 00:22:57] Validating EPUB at /data/data/com.termux/files/home/kindle-butch-gen/books/vibe-programming/output/vibe-programming_translated_uk.epub...
[2026-07-07 00:22:57] EPUB validation completed successfully!
[2026-07-07 00:22:57] EPUB generated and validated successfully.
[2026-07-07 00:22:57] Converting merged markdown to AZW3: /data/data/com.termux/files/home/kindle-butch-gen/books/vibe-programming/output/vibe-programming_translated_uk.azw3...
[2026-07-07 00:22:59] AZW3 generated successfully.
[2026-07-07 00:22:59] Copied EPUB/AZW3 files to /sdcard/Download.
[2026-07-07 00:22:59] Triggering audio stage synthesis...
[2026-07-07 00:23:03] Copied MP3 audiobook file to /sdcard/Download.
[2026-07-07 00:23:03] === Pipeline run fully completed successfully! ===
[2026-07-07 00:36:48] === Starting pipeline for book: vibe-programming ===
[2026-07-07 00:36:48] PDF Path: /sdcard/Download/Ван Вэньцзе - Вайб-программирование - 2026.pdf
[2026-07-07 00:36:48] Output Directory: /data/data/com.termux/files/home/kindle-butch-gen/books/vibe-programming/output
[2026-07-07 00:36:48] Cleaning batches directory: /data/data/com.termux/files/home/kindle-butch-gen/books/vibe-programming/batches
[2026-07-07 00:36:48] Starting marker batch 10-11...
[2026-07-07 00:38:23] Batch 10-11 completed successfully.
[2026-07-07 00:38:23] Translating batch 10-11 to uk...
[2026-07-07 00:38:23] Running translation command: python3 /data/data/com.termux/files/home/kindle-butch-gen/translate_stage.py --input /data/data/com.termux/files/home/kindle-butch-gen/books/vibe-programming/batches/batch_10_11/Ван Вэньцзе - Вайб-программирование - 2026/Ван Вэньцзе - Вайб-программирование - 2026.md --output /data/data/com.termux/files/home/kindle-butch-gen/books/vibe-programming/batches/batch_10_11/Ван Вэньцзе - Вайб-программирование - 2026/Ван Вэньцзе - Вайб-программирование - 2026_translated_uk.md --cache /data/data/com.termux/files/home/kindle-butch-gen/books/vibe-programming/cache/translate_cache.json --target-lang uk --book vibe-programming
[2026-07-07 00:38:24] Merging batch results...
[2026-07-07 00:38:24] Merged markdown saved to: /data/data/com.termux/files/home/kindle-butch-gen/books/vibe-programming/translated/merged_translated_uk.md
[2026-07-07 00:38:24] Converting merged markdown to EPUB: /data/data/com.termux/files/home/kindle-butch-gen/books/vibe-programming/output/vibe-programming_translated_uk.epub...
[2026-07-07 00:38:26] Validating EPUB at /data/data/com.termux/files/home/kindle-butch-gen/books/vibe-programming/output/vibe-programming_translated_uk.epub...
[2026-07-07 00:38:26] EPUB validation completed successfully!
[2026-07-07 00:38:26] EPUB generated and validated successfully.
[2026-07-07 00:38:26] Converting merged markdown to AZW3: /data/data/com.termux/files/home/kindle-butch-gen/books/vibe-programming/output/vibe-programming_translated_uk.azw3...
[2026-07-07 00:38:28] AZW3 generated successfully.
[2026-07-07 00:38:28] Copied EPUB/AZW3 files to /sdcard/Download.
[2026-07-07 00:38:28] Triggering audio stage synthesis...
[2026-07-07 00:38:32] Copied MP3 audiobook file to /sdcard/Download.
[2026-07-07 00:38:32] === Pipeline run fully completed successfully! ===
[2026-07-07 01:21:35] === Starting pipeline for book: vibe-programming ===
[2026-07-07 01:21:35] PDF Path: /sdcard/Download/Ван Вэньцзе - Вайб-программирование - 2026.pdf
[2026-07-07 01:21:35] Output Directory: /data/data/com.termux/files/home/kindle-butch-gen/books/vibe-programming/output
[2026-07-07 01:21:35] Cleaning batches directory: /data/data/com.termux/files/home/kindle-butch-gen/books/vibe-programming/batches
[2026-07-07 01:21:35] Starting marker batch 10-11...
[2026-07-07 01:23:01] Batch 10-11 completed successfully.
[2026-07-07 01:23:01] Translating batch 10-11 to uk...
[2026-07-07 01:23:01] Running translation command: python3 /data/data/com.termux/files/home/kindle-butch-gen/translate_stage.py --input /data/data/com.termux/files/home/kindle-butch-gen/books/vibe-programming/batches/batch_10_11/Ван Вэньцзе - Вайб-программирование - 2026/Ван Вэньцзе - Вайб-программирование - 2026.md --output /data/data/com.termux/files/home/kindle-butch-gen/books/vibe-programming/batches/batch_10_11/Ван Вэньцзе - Вайб-программирование - 2026/Ван Вэньцзе - Вайб-программирование - 2026_translated_uk.md --cache /data/data/com.termux/files/home/kindle-butch-gen/books/vibe-programming/cache/translate_cache.json --target-lang uk --book vibe-programming
[2026-07-07 01:23:01] Merging batch results...
[2026-07-07 01:23:01] Merged markdown saved to: /data/data/com.termux/files/home/kindle-butch-gen/books/vibe-programming/translated/merged_translated_uk.md
[2026-07-07 01:23:01] Converting merged markdown to EPUB: /data/data/com.termux/files/home/kindle-butch-gen/books/vibe-programming/output/vibe-programming_translated_uk.epub...
[2026-07-07 01:23:04] Validating EPUB at /data/data/com.termux/files/home/kindle-butch-gen/books/vibe-programming/output/vibe-programming_translated_uk.epub...
[2026-07-07 01:23:04] EPUB validation completed successfully!
[2026-07-07 01:23:04] EPUB generated and validated successfully.
[2026-07-07 01:23:04] Converting merged markdown to AZW3: /data/data/com.termux/files/home/kindle-butch-gen/books/vibe-programming/output/vibe-programming_translated_uk.azw3...
[2026-07-07 01:23:06] AZW3 generated successfully.
[2026-07-07 01:23:06] Copied EPUB/AZW3 files to /sdcard/Download.
[2026-07-07 01:23:06] Triggering audio stage synthesis...
[2026-07-07 01:24:13] Copied MP3 audiobook file to /sdcard/Download.
[2026-07-07 01:24:13] === Pipeline run fully completed successfully! ===
[2026-07-07 11:16:17] === Starting pipeline for book: vibe-programming ===
[2026-07-07 11:16:17] PDF Path: /sdcard/Download/Ван Вэньцзе - Вайб-программирование - 2026.pdf
[2026-07-07 11:16:17] Output Directory: /data/data/com.termux/files/home/kindle-butch-gen/books/vibe-programming/output
[2026-07-07 11:16:17] Starting marker batch 0-49...
[2026-07-07 11:41:01] === Starting pipeline for book: vibe-programming ===
[2026-07-07 11:41:01] PDF Path: /sdcard/Download/Ван Вэньцзе - Вайб-программирование - 2026.pdf
[2026-07-07 11:41:01] Output Directory: /data/data/com.termux/files/home/kindle-butch-gen/books/vibe-programming/output
[2026-07-07 11:41:01] Marker batch 0-49 already completed. Skipping extraction.
[2026-07-07 11:41:01] Translating batch 0-49 to uk...
[2026-07-07 11:41:01] Running translation command: python3 /data/data/com.termux/files/home/kindle-butch-gen/translate_stage.py --input /data/data/com.termux/files/home/kindle-butch-gen/books/vibe-programming/batches/batch_0_49/Ван Вэньцзе - Вайб-программирование - 2026/Ван Вэньцзе - Вайб-программирование - 2026.md --output /data/data/com.termux/files/home/kindle-butch-gen/books/vibe-programming/batches/batch_0_49/Ван Вэньцзе - Вайб-программирование - 2026/Ван Вэньцзе - Вайб-программирование - 2026_translated_uk.md --cache /data/data/com.termux/files/home/kindle-butch-gen/books/vibe-programming/cache/translate_cache.json --target-lang uk --book vibe-programming
[2026-07-07 11:50:31] Marker batch 50-99 already completed. Skipping extraction.
[2026-07-07 11:50:31] Translating batch 50-99 to uk...
[2026-07-07 11:50:31] Running translation command: python3 /data/data/com.termux/files/home/kindle-butch-gen/translate_stage.py --input /data/data/com.termux/files/home/kindle-butch-gen/books/vibe-programming/batches/batch_50_99/Ван Вэньцзе - Вайб-программирование - 2026/Ван Вэньцзе - Вайб-программирование - 2026.md --output /data/data/com.termux/files/home/kindle-butch-gen/books/vibe-programming/batches/batch_50_99/Ван Вэньцзе - Вайб-программирование - 2026/Ван Вэньцзе - Вайб-программирование - 2026_translated_uk.md --cache /data/data/com.termux/files/home/kindle-butch-gen/books/vibe-programming/cache/translate_cache.json --target-lang uk --book vibe-programming
[2026-07-07 11:57:03] Marker batch 100-149 already completed. Skipping extraction.
[2026-07-07 11:57:03] Translated batch 100-149 already exists. Skipping translation.
[2026-07-07 11:57:03] Marker batch 150-199 already completed. Skipping extraction.
[2026-07-07 11:57:03] Translating batch 150-199 to uk...
[2026-07-07 11:57:03] Running translation command: python3 /data/data/com.termux/files/home/kindle-butch-gen/translate_stage.py --input /data/data/com.termux/files/home/kindle-butch-gen/books/vibe-programming/batches/batch_150_199/Ван Вэньцзе - Вайб-программирование - 2026/Ван Вэньцзе - Вайб-программирование - 2026.md --output /data/data/com.termux/files/home/kindle-butch-gen/books/vibe-programming/batches/batch_150_199/Ван Вэньцзе - Вайб-программирование - 2026/Ван Вэньцзе - Вайб-программирование - 2026_translated_uk.md --cache /data/data/com.termux/files/home/kindle-butch-gen/books/vibe-programming/cache/translate_cache.json --target-lang uk --book vibe-programming
[2026-07-07 12:03:30] Marker batch 200-247 already completed. Skipping extraction.
[2026-07-07 12:03:30] Translating batch 200-247 to uk...
[2026-07-07 12:03:30] Running translation command: python3 /data/data/com.termux/files/home/kindle-butch-gen/translate_stage.py --input /data/data/com.termux/files/home/kindle-butch-gen/books/vibe-programming/batches/batch_200_247/Ван Вэньцзе - Вайб-программирование - 2026/Ван Вэньцзе - Вайб-программирование - 2026.md --output /data/data/com.termux/files/home/kindle-butch-gen/books/vibe-programming/batches/batch_200_247/Ван Вэньцзе - Вайб-программирование - 2026/Ван Вэньцзе - Вайб-программирование - 2026_translated_uk.md --cache /data/data/com.termux/files/home/kindle-butch-gen/books/vibe-programming/cache/translate_cache.json --target-lang uk --book vibe-programming
[2026-07-07 12:13:52] Merging batch results...
[2026-07-07 12:13:52] Merged markdown saved to: /data/data/com.termux/files/home/kindle-butch-gen/books/vibe-programming/translated/merged_translated_uk.md
[2026-07-07 12:13:52] Converting merged markdown to EPUB: /data/data/com.termux/files/home/kindle-butch-gen/books/vibe-programming/output/vibe-programming_translated_uk.epub...
[2026-07-07 12:13:58] Validating EPUB at /data/data/com.termux/files/home/kindle-butch-gen/books/vibe-programming/output/vibe-programming_translated_uk.epub...
[2026-07-07 12:13:58] EPUB validation completed successfully!
[2026-07-07 12:13:58] EPUB generated and validated successfully.
[2026-07-07 12:13:58] Converting merged markdown to AZW3: /data/data/com.termux/files/home/kindle-butch-gen/books/vibe-programming/output/vibe-programming_translated_uk.azw3...
[2026-07-07 12:14:07] AZW3 generated successfully.
[2026-07-07 12:14:07] Copied EPUB/AZW3 files to /sdcard/Download.
[2026-07-07 12:14:07] === Pipeline run fully completed successfully! ===
